Arguments: 
  /usr/bin/node /usr/local/bin/yarn add bip39-libs

PATH: 
  /home/nn/bin:/usr/games:/home/nn/Android/Sdk/bin:/home/nn/perl5/bin:/opt/bin:/usr/local/sbin:/usr/local/bin:/usr/sbin:/usr/bin:/usr/local/games

Yarn version: 
  1.22.19

Node version: 
  18.7.0

Platform: 
  linux x64

Trace: 
  Error: https://registry.yarnpkg.com/bip39-libs: Not found
      at params.callback [as _callback] (/usr/local/share/.config/yarn/global/node_modules/yarn/lib/cli.js:66145:18)
      at self.callback (/usr/local/share/.config/yarn/global/node_modules/yarn/lib/cli.js:140890:22)
      at Request.emit (node:events:513:28)
      at Request.<anonymous> (/usr/local/share/.config/yarn/global/node_modules/yarn/lib/cli.js:141862:10)
      at Request.emit (node:events:513:28)
      at IncomingMessage.<anonymous> (/usr/local/share/.config/yarn/global/node_modules/yarn/lib/cli.js:141784:12)
      at Object.onceWrapper (node:events:627:28)
      at IncomingMessage.emit (node:events:525:35)
      at endReadableNT (node:internal/streams/readable:1359:12)
      at process.processTicksAndRejections (node:internal/process/task_queues:82:21)

npm manifest: 
  No manifest

yarn manifest: 
  No manifest

Lockfile: 
  No lockfile
